This file contains any messages produced by compilers while
running configure, to aid debugging if configure makes a mistake.

It was created by configure, which was
generated by GNU Autoconf 2.57.  Invocation command line was

  $ ./configure --prefix=/usr/local --cache-file=/dev/null --srcdir=.

## --------- ##
## Platform. ##
## --------- ##

hostname = amigo
uname -m = BePC
uname -r = 5.0.4
uname -s = BeOS
uname -v = 1000009

/usr/bin/uname -p = unknown
/bin/uname -X     = unknown

/bin/arch              = unknown
/usr/bin/arch -k       = unknown
/usr/convex/getsysinfo = unknown
hostinfo               = unknown
/bin/machine           = unknown
/usr/bin/oslevel       = unknown
/bin/universe          = unknown

PATH: NONE/bin
PATH: NONE/usr/bin
PATH: .
PATH: /boot/home/config/bin
PATH: /bin
PATH: /boot/apps
PATH: /boot/preferences
PATH: /boot/beos/apps
PATH: /boot/beos/preferences
PATH: /boot/develop/tools/gnupro/bin
PATH: /boot/apps/X11R6.4/bin


## ----------- ##
## Core tests. ##
## ----------- ##

configure:1692: checking for gcc
configure:1708: found /boot/develop/tools/gnupro/bin/gcc
configure:1718: result: gcc
configure:1962: checking for C compiler version
configure:1965: gcc --version </dev/null >&5
2.95.3-beos-060710
configure:1968: $? = 0
configure:1970: gcc -v </dev/null >&5
using priority 5
Reading specs from /boot/develop/tools/gnupro/lib/gcc-lib/i586-pc-beos/2.95.3-beos-060710/specs
gcc version 2.95.3-beos-060710
configure:1973: $? = 0
configure:1975: gcc -V </dev/null >&5
gcc: argument to `-V' is missing
configure:1978: $? = 1
configure:2002: checking for C compiler default output
configure:2005: gcc    conftest.c  >&5
configure:2008: $? = 0
configure:2054: result: conftest
configure:2059: checking whether the C compiler works
configure:2065: ./conftest
configure:2068: $? = 0
configure:2085: result: yes
configure:2092: checking whether we are cross compiling
configure:2094: result: no
configure:2097: checking for suffix of executables
configure:2099: gcc -o conftest    conftest.c  >&5
configure:2102: $? = 0
configure:2127: result: 
configure:2133: checking for suffix of object files
configure:2155: gcc -c   conftest.c >&5
configure:2158: $? = 0
configure:2180: result: o
configure:2184: checking whether we are using the GNU C compiler
configure:2209: gcc -c   conftest.c >&5
configure:2212: $? = 0
configure:2215: test -s conftest.o
configure:2218: $? = 0
configure:2231: result: yes
configure:2237: checking whether gcc accepts -g
configure:2259: gcc -c -g  conftest.c >&5
configure:2262: $? = 0
configure:2265: test -s conftest.o
configure:2268: $? = 0
configure:2279: result: yes
configure:2296: checking for gcc option to accept ANSI C
configure:2357: gcc  -c -g -O2  conftest.c >&5
configure:2360: $? = 0
configure:2363: test -s conftest.o
configure:2366: $? = 0
configure:2384: result: none needed
configure:2402: gcc -c -g -O2  conftest.c >&5
/boot/home/files/projects/wxWidgets-2.6.3/src/expat/conftest.c:2: parse error before `me'
configure:2405: $? = 1
configure: failed program was:
| #ifndef __cplusplus
|   choke me
| #endif
configure:2514: checking if the C compiler requires -ext o
configure:2536: gcc -c -g -O2  conftest.c >&5
configure:2539: $? = 0
configure:2562: result: 
configure:2644: checking whether we are using the Metrowerks C compiler
configure:2669: gcc -c -g -O2  conftest.c >&5
/boot/home/files/projects/wxWidgets-2.6.3/src/expat/configure: In function `main':
/boot/home/files/projects/wxWidgets-2.6.3/src/expat/configure:2662: `choke' undeclared (first use in this function)
/boot/home/files/projects/wxWidgets-2.6.3/src/expat/configure:2662: (Each undeclared identifier is reported only once
/boot/home/files/projects/wxWidgets-2.6.3/src/expat/configure:2662: for each function it appears in.)
/boot/home/files/projects/wxWidgets-2.6.3/src/expat/configure:2662: parse error before `me'
configure:2672: $? = 1
configure: failed program was:
| #line 2649 "configure"
| /* confdefs.h.  */
| 
| #define PACKAGE_NAME ""
| #define PACKAGE_TARNAME ""
| #define PACKAGE_VERSION ""
| #define PACKAGE_STRING ""
| #define PACKAGE_BUGREPORT ""
| /* end confdefs.h.  */
| 
| int
| main ()
| {
| #ifndef __MWERKS__
|        choke me
| #endif
| 
|   ;
|   return 0;
| }
configure:2691: result: no
configure:2708: checking whether we are using the IBM xlC C compiler
configure:2733: gcc -c -g -O2  conftest.c >&5
/boot/home/files/projects/wxWidgets-2.6.3/src/expat/configure: In function `main':
/boot/home/files/projects/wxWidgets-2.6.3/src/expat/configure:2726: `choke' undeclared (first use in this function)
/boot/home/files/projects/wxWidgets-2.6.3/src/expat/configure:2726: (Each undeclared identifier is reported only once
/boot/home/files/projects/wxWidgets-2.6.3/src/expat/configure:2726: for each function it appears in.)
/boot/home/files/projects/wxWidgets-2.6.3/src/expat/configure:2726: parse error before `me'
configure:2736: $? = 1
configure: failed program was:
| #line 2713 "configure"
| /* confdefs.h.  */
| 
| #define PACKAGE_NAME ""
| #define PACKAGE_TARNAME ""
| #define PACKAGE_VERSION ""
| #define PACKAGE_STRING ""
| #define PACKAGE_BUGREPORT ""
| /* end confdefs.h.  */
| 
| int
| main ()
| {
| #ifndef __xlC__
|        choke me
| #endif
| 
|   ;
|   return 0;
| }
configure:2755: result: no
configure:2841: checking build system type
configure:2859: result: i586-pc-beos
configure:2867: checking host system type
configure:2881: result: i586-pc-beos
configure:2911: checking for ld used by GCC
configure:2974: result: /boot/develop/tools/gnupro/i586-pc-beos/bin/ld
configure:2983: checking if the linker (/boot/develop/tools/gnupro/i586-pc-beos/bin/ld) is GNU ld
GNU ld version 2.15-beos-060710
configure:2995: result: yes
configure:3000: checking for /boot/develop/tools/gnupro/i586-pc-beos/bin/ld option to reload object files
configure:3007: result: -r
configure:3012: checking for BSD-compatible nm
configure:3048: result: /boot/develop/tools/gnupro/bin/nm -B
configure:3051: checking whether ln -s works
configure:3055: result: yes
configure:3062: checking how to recognise dependant libraries
configure:3240: result: pass_all
configure:3252: checking command to parse /boot/develop/tools/gnupro/bin/nm -B output
configure:3333: gcc -c -g -O2  conftest.c >&5
configure:3336: $? = 0
configure:3340: /boot/develop/tools/gnupro/bin/nm -B conftest.o \| sed -n -e 's/^.*[ 	]\([ABCDGISTW][ABCDGISTW]*\)[ 	][ 	]*\(\)\([_A-Za-z][_A-Za-z0-9]*\)$/\1 \2\3 \3/p' \> conftest.nm
configure:3343: $? = 0
configure:3395: gcc -o conftest -g -O2   conftest.c conftstm.o >&5
configure:3398: $? = 0
configure:3442: result: ok
configure:3451: checking how to run the C preprocessor
configure:3487: gcc -E  conftest.c
configure:3493: $? = 0
configure:3525: gcc -E  conftest.c
/boot/home/files/projects/wxWidgets-2.6.3/src/expat/configure:3524: ac_nonexistent.h: No such file or directory
configure:3531: $? = 1
configure: failed program was:
| #line 3516 "configure"
| /* confdefs.h.  */
| 
| #define PACKAGE_NAME ""
| #define PACKAGE_TARNAME ""
| #define PACKAGE_VERSION ""
| #define PACKAGE_STRING ""
| #define PACKAGE_BUGREPORT ""
| /* end confdefs.h.  */
| #include <ac_nonexistent.h>
configure:3569: result: gcc -E
configure:3594: gcc -E  conftest.c
configure:3600: $? = 0
configure:3632: gcc -E  conftest.c
/boot/home/files/projects/wxWidgets-2.6.3/src/expat/configure:3631: ac_nonexistent.h: No such file or directory
configure:3638: $? = 1
configure: failed program was:
| #line 3623 "configure"
| /* confdefs.h.  */
| 
| #define PACKAGE_NAME ""
| #define PACKAGE_TARNAME ""
| #define PACKAGE_VERSION ""
| #define PACKAGE_STRING ""
| #define PACKAGE_BUGREPORT ""
| /* end confdefs.h.  */
| #include <ac_nonexistent.h>
configure:3681: checking for egrep
configure:3691: result: grep -E
configure:3696: checking for ANSI C header files
configure:3722: gcc -c -g -O2  conftest.c >&5
configure:3725: $? = 0
configure:3728: test -s conftest.o
configure:3731: $? = 0
configure:3820: gcc -o conftest -g -O2   conftest.c  >&5
configure:3823: $? = 0
configure:3825: ./conftest
configure:3828: $? = 0
configure:3843: result: yes
configure:3867: checking for sys/types.h
configure:3884: gcc -c -g -O2  conftest.c >&5
configure:3887: $? = 0
configure:3890: test -s conftest.o
configure:3893: $? = 0
configure:3904: result: yes
configure:3867: checking for sys/stat.h
configure:3884: gcc -c -g -O2  conftest.c >&5
configure:3887: $? = 0
configure:3890: test -s conftest.o
configure:3893: $? = 0
configure:3904: result: yes
configure:3867: checking for stdlib.h
configure:3884: gcc -c -g -O2  conftest.c >&5
configure:3887: $? = 0
configure:3890: test -s conftest.o
configure:3893: $? = 0
configure:3904: result: yes
configure:3867: checking for string.h
configure:3884: gcc -c -g -O2  conftest.c >&5
configure:3887: $? = 0
configure:3890: test -s conftest.o
configure:3893: $? = 0
configure:3904: result: yes
configure:3867: checking for memory.h
configure:3884: gcc -c -g -O2  conftest.c >&5
configure:3887: $? = 0
configure:3890: test -s conftest.o
configure:3893: $? = 0
configure:3904: result: yes
configure:3867: checking for strings.h
configure:3884: gcc -c -g -O2  conftest.c >&5
configure:3887: $? = 0
configure:3890: test -s conftest.o
configure:3893: $? = 0
configure:3904: result: yes
configure:3867: checking for inttypes.h
configure:3884: gcc -c -g -O2  conftest.c >&5
configure:3887: $? = 0
configure:3890: test -s conftest.o
configure:3893: $? = 0
configure:3904: result: yes
configure:3867: checking for stdint.h
configure:3884: gcc -c -g -O2  conftest.c >&5
In file included from /boot/develop/headers/posix/stdint.h:26,
                 from /boot/home/files/projects/wxWidgets-2.6.3/src/expat/configure:3923:
/boot/develop/headers/posix/features.h:269: gnu/stubs.h: No such file or directory
configure:3887: $? = 1
configure: failed program was:
| #line 3872 "configure"
| /* confdefs.h.  */
| 
| #define PACKAGE_NAME ""
| #define PACKAGE_TARNAME ""
| #define PACKAGE_VERSION ""
| #define PACKAGE_STRING ""
| #define PACKAGE_BUGREPORT ""
| #define STDC_HEADERS 1
| #define HAVE_SYS_TYPES_H 1
| #define HAVE_SYS_STAT_H 1
| #define HAVE_STDLIB_H 1
| #define HAVE_STRING_H 1
| #define HAVE_MEMORY_H 1
| #define HAVE_STRINGS_H 1
| #define HAVE_INTTYPES_H 1
| /* end confdefs.h.  */
| #include <stdio.h>
| #if HAVE_SYS_TYPES_H
| # include <sys/types.h>
| #endif
| #if HAVE_SYS_STAT_H
| # include <sys/stat.h>
| #endif
| #if STDC_HEADERS
| # include <stdlib.h>
| # include <stddef.h>
| #else
| # if HAVE_STDLIB_H
| #  include <stdlib.h>
| # endif
| #endif
| #if HAVE_STRING_H
| # if !STDC_HEADERS && HAVE_MEMORY_H
| #  include <memory.h>
| # endif
| # include <string.h>
| #endif
| #if HAVE_STRINGS_H
| # include <strings.h>
| #endif
| #if HAVE_INTTYPES_H
| # include <inttypes.h>
| #else
| # if HAVE_STDINT_H
| #  include <stdint.h>
| # endif
| #endif
| #if HAVE_UNISTD_H
| # include <unistd.h>
| #endif
| 
| #include <stdint.h>
configure:3904: result: no
configure:3867: checking for unistd.h
configure:3884: gcc -c -g -O2  conftest.c >&5
configure:3887: $? = 0
configure:3890: test -s conftest.o
configure:3893: $? = 0
configure:3904: result: yes
configure:3930: checking dlfcn.h usability
configure:3943: gcc -c -g -O2  conftest.c >&5
/boot/home/files/projects/wxWidgets-2.6.3/src/expat/configure:3983: dlfcn.h: No such file or directory
configure:3946: $? = 1
configure: failed program was:
| #line 3932 "configure"
| /* confdefs.h.  */
| 
| #define PACKAGE_NAME ""
| #define PACKAGE_TARNAME ""
| #define PACKAGE_VERSION ""
| #define PACKAGE_STRING ""
| #define PACKAGE_BUGREPORT ""
| #define STDC_HEADERS 1
| #define HAVE_SYS_TYPES_H 1
| #define HAVE_SYS_STAT_H 1
| #define HAVE_STDLIB_H 1
| #define HAVE_STRING_H 1
| #define HAVE_MEMORY_H 1
| #define HAVE_STRINGS_H 1
| #define HAVE_INTTYPES_H 1
| #define HAVE_UNISTD_H 1
| /* end confdefs.h.  */
| #include <stdio.h>
| #if HAVE_SYS_TYPES_H
| # include <sys/types.h>
| #endif
| #if HAVE_SYS_STAT_H
| # include <sys/stat.h>
| #endif
| #if STDC_HEADERS
| # include <stdlib.h>
| # include <stddef.h>
| #else
| # if HAVE_STDLIB_H
| #  include <stdlib.h>
| # endif
| #endif
| #if HAVE_STRING_H
| # if !STDC_HEADERS && HAVE_MEMORY_H
| #  include <memory.h>
| # endif
| # include <string.h>
| #endif
| #if HAVE_STRINGS_H
| # include <strings.h>
| #endif
| #if HAVE_INTTYPES_H
| # include <inttypes.h>
| #else
| # if HAVE_STDINT_H
| #  include <stdint.h>
| # endif
| #endif
| #if HAVE_UNISTD_H
| # include <unistd.h>
| #endif
| #include <dlfcn.h>
configure:3962: result: no
configure:3966: checking dlfcn.h presence
configure:3977: gcc -E  conftest.c
/boot/home/files/projects/wxWidgets-2.6.3/src/expat/configure:3985: dlfcn.h: No such file or directory
configure:3983: $? = 1
configure: failed program was:
| #line 3968 "configure"
| /* confdefs.h.  */
| 
| #define PACKAGE_NAME ""
| #define PACKAGE_TARNAME ""
| #define PACKAGE_VERSION ""
| #define PACKAGE_STRING ""
| #define PACKAGE_BUGREPORT ""
| #define STDC_HEADERS 1
| #define HAVE_SYS_TYPES_H 1
| #define HAVE_SYS_STAT_H 1
| #define HAVE_STDLIB_H 1
| #define HAVE_STRING_H 1
| #define HAVE_MEMORY_H 1
| #define HAVE_STRINGS_H 1
| #define HAVE_INTTYPES_H 1
| #define HAVE_UNISTD_H 1
| /* end confdefs.h.  */
| #include <dlfcn.h>
configure:4002: result: no
configure:4038: checking for dlfcn.h
configure:4045: result: no
configure:4242: checking for ranlib
configure:4258: found /boot/develop/tools/gnupro/bin/ranlib
configure:4269: result: ranlib
configure:4322: checking for strip
configure:4338: found /boot/develop/tools/gnupro/bin/strip
configure:4349: result: strip
configure:4561: checking for objdir
configure:4572: result: .libs
configure:4593: checking for gcc option to produce PIC
configure:4740: result: none
configure:4838: checking if gcc static flag -static works
configure:4863: gcc -o conftest -g -O2   -static conftest.c  >&5
configure:4866: $? = 0
configure:4869: test -s conftest
configure:4872: $? = 0
configure:4888: result: yes
configure:4904: checking if gcc supports -c -o file.o
configure:4927: gcc -c -g -O2 -o out/conftest2.o  conftest.c >&5
configure:4948: result: yes
configure:4953: checking if gcc supports -c -o file.lo
configure:4981: gcc -c -g -O2 -c -o conftest.lo  conftest.c >&5
configure:4984: $? = 0
configure:4987: test -s conftest.lo
configure:4990: $? = 0
configure:5012: result: yes
configure:5051: checking if gcc supports -fno-rtti -fno-exceptions
configure:5074: gcc -c -g -O2 -fno-rtti -fno-exceptions -c conftest.c  conftest.c >&5
configure:5077: $? = 0
configure:5080: test -s conftest.o
configure:5083: $? = 0
configure:5100: result: yes
configure:5115: checking whether the linker (/boot/develop/tools/gnupro/i586-pc-beos/bin/ld) supports shared libraries
configure:5795: result: yes
configure:5804: checking how to hardcode library paths into programs
configure:5828: result: immediate
configure:5837: checking whether stripping libraries is possible
configure:5842: result: yes
configure:5857: checking dynamic linker characteristics
configure:6250: result: beos ld.so
configure:6259: checking if libtool supports shared libraries
configure:6261: result: yes
configure:6268: checking whether to build shared libraries
configure:6289: result: yes
configure:6296: checking whether to build static libraries
configure:6300: result: yes
configure:6978: checking whether -lc should be explicitly linked in
configure:6986: gcc -c -g -O2  conftest.c >&5
configure:6989: $? = 0
configure:7003: gcc -nostart conftest.o  -v -Wl,-soname -Wl,conftest -o conftest 2\>\&1 \| grep  -lc  \>/dev/null 2\>\&1
configure:7006: $? = 1
configure:7019: result: yes
configure:7612: checking for a BSD-compatible install
configure:7666: result: /bin/install -c
configure:7681: checking whether gcc accepts -fexceptions
configure:7700: gcc -c -g -O2 -Wall -Wmissing-prototypes -Wstrict-prototypes -fexceptions  conftest.c >&5
/boot/home/files/projects/wxWidgets-2.6.3/src/expat/configure:7703: warning: function declaration isn't a prototype
configure:7703: $? = 0
configure:7706: test -s conftest.o
configure:7709: $? = 0
configure:7711: result: yes
configure:7723: checking for ANSI C header files
configure:7870: result: yes
configure:7895: checking fcntl.h usability
configure:7908: gcc -c -g -O2 -Wall -Wmissing-prototypes -Wstrict-prototypes -fexceptions  conftest.c >&5
configure:7911: $? = 0
configure:7914: test -s conftest.o
configure:7917: $? = 0
configure:7927: result: yes
configure:7931: checking fcntl.h presence
configure:7942: gcc -E  conftest.c
configure:7948: $? = 0
configure:7967: result: yes
configure:8003: checking for fcntl.h
configure:8010: result: yes
configure:7886: checking for unistd.h
configure:7891: result: yes
configure:8025: checking whether byte ordering is bigendian
configure:8053: gcc -c -g -O2 -Wall -Wmissing-prototypes -Wstrict-prototypes -fexceptions  conftest.c >&5
/boot/home/files/projects/wxWidgets-2.6.3/src/expat/configure:8056: warning: function declaration isn't a prototype
/boot/home/files/projects/wxWidgets-2.6.3/src/expat/configure: In function `main':
/boot/home/files/projects/wxWidgets-2.6.3/src/expat/configure:8059: `bogus' undeclared (first use in this function)
/boot/home/files/projects/wxWidgets-2.6.3/src/expat/configure:8059: (Each undeclared identifier is reported only once
/boot/home/files/projects/wxWidgets-2.6.3/src/expat/configure:8059: for each function it appears in.)
/boot/home/files/projects/wxWidgets-2.6.3/src/expat/configure:8059: parse error before `endian'
configure:8056: $? = 1
configure: failed program was:
| #line 8032 "configure"
| /* confdefs.h.  */
| 
| #define PACKAGE_NAME ""
| #define PACKAGE_TARNAME ""
| #define PACKAGE_VERSION ""
| #define PACKAGE_STRING ""
| #define PACKAGE_BUGREPORT ""
| #define STDC_HEADERS 1
| #define HAVE_SYS_TYPES_H 1
| #define HAVE_SYS_STAT_H 1
| #define HAVE_STDLIB_H 1
| #define HAVE_STRING_H 1
| #define HAVE_MEMORY_H 1
| #define HAVE_STRINGS_H 1
| #define HAVE_INTTYPES_H 1
| #define HAVE_UNISTD_H 1
| #define STDC_HEADERS 1
| #define HAVE_FCNTL_H 1
| #define HAVE_UNISTD_H 1
| /* end confdefs.h.  */
| #include <sys/types.h>
| #include <sys/param.h>
| int
| main ()
| {
| 
| #if !BYTE_ORDER || !BIG_ENDIAN || !LITTLE_ENDIAN
|  bogus endian macros
| #endif
|   ;
|   return 0;
| }
configure:8134: gcc -o conftest -g -O2 -Wall -Wmissing-prototypes -Wstrict-prototypes -fexceptions   conftest.c  >&5
/boot/home/files/projects/wxWidgets-2.6.3/src/expat/configure:8135: warning: return-type defaults to `int'
/boot/home/files/projects/wxWidgets-2.6.3/src/expat/configure:8135: warning: function declaration isn't a prototype
configure:8137: $? = 0
configure:8139: ./conftest
configure:8142: $? = 0
configure:8157: result: no
configure:8214: checking for an ANSI C-conforming const
configure:8282: gcc -c -g -O2 -Wall -Wmissing-prototypes -Wstrict-prototypes -fexceptions  conftest.c >&5
/boot/home/files/projects/wxWidgets-2.6.3/src/expat/configure:8243: warning: function declaration isn't a prototype
/boot/home/files/projects/wxWidgets-2.6.3/src/expat/configure: In function `main':
/boot/home/files/projects/wxWidgets-2.6.3/src/expat/configure:8267: warning: unused variable `s'
/boot/home/files/projects/wxWidgets-2.6.3/src/expat/configure:8287: warning: unused variable `foo'
/boot/home/files/projects/wxWidgets-2.6.3/src/expat/configure:8254: warning: unused variable `zero'
/boot/home/files/projects/wxWidgets-2.6.3/src/expat/configure:8248: warning: unused variable `x'
/boot/home/files/projects/wxWidgets-2.6.3/src/expat/configure:8266: warning: `t' might be used uninitialized in this function
/boot/home/files/projects/wxWidgets-2.6.3/src/expat/configure:8284: warning: `b' might be used uninitialized in this function
configure:8285: $? = 0
configure:8288: test -s conftest.o
configure:8291: $? = 0
configure:8302: result: yes
configure:8312: checking for off_t
configure:8337: gcc -c -g -O2 -Wall -Wmissing-prototypes -Wstrict-prototypes -fexceptions  conftest.c >&5
/boot/home/files/projects/wxWidgets-2.6.3/src/expat/configure:8374: warning: function declaration isn't a prototype
configure:8340: $? = 0
configure:8343: test -s conftest.o
configure:8346: $? = 0
configure:8357: result: yes
configure:8369: checking for size_t
configure:8394: gcc -c -g -O2 -Wall -Wmissing-prototypes -Wstrict-prototypes -fexceptions  conftest.c >&5
/boot/home/files/projects/wxWidgets-2.6.3/src/expat/configure:8431: warning: function declaration isn't a prototype
configure:8397: $? = 0
configure:8400: test -s conftest.o
configure:8403: $? = 0
configure:8414: result: yes
configure:8428: checking for working memcmp
configure:8477: gcc -o conftest -g -O2 -Wall -Wmissing-prototypes -Wstrict-prototypes -fexceptions   conftest.c  >&5
/boot/home/files/projects/wxWidgets-2.6.3/src/expat/configure:8460: warning: function declaration isn't a prototype
configure:8480: $? = 0
configure:8482: ./conftest
configure:8485: $? = 0
configure:8499: result: yes
configure:8509: checking for stdlib.h
configure:8514: result: yes
configure:8509: checking for unistd.h
configure:8514: result: yes
configure:8650: checking for getpagesize
configure:8700: gcc -o conftest -g -O2 -Wall -Wmissing-prototypes -Wstrict-prototypes -fexceptions   conftest.c  >&5
/boot/home/files/projects/wxWidgets-2.6.3/src/expat/configure:8694: warning: function declaration isn't a prototype
/boot/home/files/projects/wxWidgets-2.6.3/src/expat/configure:8701: warning: function declaration isn't a prototype
/boot/home/files/projects/wxWidgets-2.6.3/src/expat/configure:8709: warning: function declaration isn't a prototype
/tmp/cce78WQ1.o(.text+0x18): In function `main':
/boot/home/files/projects/wxWidgets-2.6.3/src/expat/configure:8710: undefined reference to `getpagesize'
/tmp/cce78WQ1.o(.data+0x0):/boot/home/files/projects/wxWidgets-2.6.3/src/expat/configure:8710: undefined reference to `getpagesize'
collect2: ld returned 1 exit status
configure:8703: $? = 1
configure: failed program was:
| #line 8655 "configure"
| /* confdefs.h.  */
| 
| #define PACKAGE_NAME ""
| #define PACKAGE_TARNAME ""
| #define PACKAGE_VERSION ""
| #define PACKAGE_STRING ""
| #define PACKAGE_BUGREPORT ""
| #define STDC_HEADERS 1
| #define HAVE_SYS_TYPES_H 1
| #define HAVE_SYS_STAT_H 1
| #define HAVE_STDLIB_H 1
| #define HAVE_STRING_H 1
| #define HAVE_MEMORY_H 1
| #define HAVE_STRINGS_H 1
| #define HAVE_INTTYPES_H 1
| #define HAVE_UNISTD_H 1
| #define STDC_HEADERS 1
| #define HAVE_FCNTL_H 1
| #define HAVE_UNISTD_H 1
| #define BYTEORDER 1234
| #define HAVE_STDLIB_H 1
| #define HAVE_UNISTD_H 1
| /* end confdefs.h.  */
| /* System header to define __stub macros and hopefully few prototypes,
|     which can conflict with char getpagesize (); below.
|     Prefer <limits.h> to <assert.h> if __STDC__ is defined, since
|     <limits.h> exists even on freestanding compilers.  */
| #ifdef __STDC__
| # include <limits.h>
| #else
| # include <assert.h>
| #endif
| /* Override any gcc2 internal prototype to avoid an error.  */
| #ifdef __cplusplus
| extern "C"
| {
| #endif
| /* We use char because int might match the return type of a gcc2
|    builtin and then its argument prototype would still apply.  */
| char getpagesize ();
| /* The GNU C library defines this for functions which it implements
|     to always fail with ENOSYS.  Some functions are actually named
|     something starting with __ and the normal name is an alias.  */
| #if defined (__stub_getpagesize) || defined (__stub___getpagesize)
| choke me
| #else
| char (*f) () = getpagesize;
| #endif
| #ifdef __cplusplus
| }
| #endif
| 
| int
| main ()
| {
| return f != getpagesize;
|   ;
|   return 0;
| }
configure:8720: result: no
configure:8730: checking for working mmap
configure:8873: gcc -o conftest -g -O2 -Wall -Wmissing-prototypes -Wstrict-prototypes -fexceptions   conftest.c  >&5
/boot/home/files/projects/wxWidgets-2.6.3/src/expat/configure:8821: sys/mman.h: No such file or directory
configure:8876: $? = 1
configure: program exited with status 1
configure: failed program was:
| #line 8738 "configure"
| /* confdefs.h.  */
| 
| #define PACKAGE_NAME ""
| #define PACKAGE_TARNAME ""
| #define PACKAGE_VERSION ""
| #define PACKAGE_STRING ""
| #define PACKAGE_BUGREPORT ""
| #define STDC_HEADERS 1
| #define HAVE_SYS_TYPES_H 1
| #define HAVE_SYS_STAT_H 1
| #define HAVE_STDLIB_H 1
| #define HAVE_STRING_H 1
| #define HAVE_MEMORY_H 1
| #define HAVE_STRINGS_H 1
| #define HAVE_INTTYPES_H 1
| #define HAVE_UNISTD_H 1
| #define STDC_HEADERS 1
| #define HAVE_FCNTL_H 1
| #define HAVE_UNISTD_H 1
| #define BYTEORDER 1234
| #define HAVE_STDLIB_H 1
| #define HAVE_UNISTD_H 1
| /* end confdefs.h.  */
| #include <stdio.h>
| #if HAVE_SYS_TYPES_H
| # include <sys/types.h>
| #endif
| #if HAVE_SYS_STAT_H
| # include <sys/stat.h>
| #endif
| #if STDC_HEADERS
| # include <stdlib.h>
| # include <stddef.h>
| #else
| # if HAVE_STDLIB_H
| #  include <stdlib.h>
| # endif
| #endif
| #if HAVE_STRING_H
| # if !STDC_HEADERS && HAVE_MEMORY_H
| #  include <memory.h>
| # endif
| # include <string.h>
| #endif
| #if HAVE_STRINGS_H
| # include <strings.h>
| #endif
| #if HAVE_INTTYPES_H
| # include <inttypes.h>
| #else
| # if HAVE_STDINT_H
| #  include <stdint.h>
| # endif
| #endif
| #if HAVE_UNISTD_H
| # include <unistd.h>
| #endif
| /* malloc might have been renamed as rpl_malloc. */
| #undef malloc
| 
| /* Thanks to Mike Haertel and Jim Avera for this test.
|    Here is a matrix of mmap possibilities:
| 	mmap private not fixed
| 	mmap private fixed at somewhere currently unmapped
| 	mmap private fixed at somewhere already mapped
| 	mmap shared not fixed
| 	mmap shared fixed at somewhere currently unmapped
| 	mmap shared fixed at somewhere already mapped
|    For private mappings, we should verify that changes cannot be read()
|    back from the file, nor mmap's back from the file at a different
|    address.  (There have been systems where private was not correctly
|    implemented like the infamous i386 svr4.0, and systems where the
|    VM page cache was not coherent with the file system buffer cache
|    like early versions of FreeBSD and possibly contemporary NetBSD.)
|    For shared mappings, we should conversely verify that changes get
|    propagated back to all the places they're supposed to be.
| 
|    Grep wants private fixed already mapped.
|    The main things grep needs to know about mmap are:
|    * does it exist and is it safe to write into the mmap'd area
|    * how to use it (BSD variants)  */
| 
| #include <fcntl.h>
| #include <sys/mman.h>
| 
| #if !STDC_HEADERS && !HAVE_STDLIB_H
| char *malloc ();
| #endif
| 
| /* This mess was copied from the GNU getpagesize.h.  */
| #if !HAVE_GETPAGESIZE
| /* Assume that all systems that can run configure have sys/param.h.  */
| # if !HAVE_SYS_PARAM_H
| #  define HAVE_SYS_PARAM_H 1
| # endif
| 
| # ifdef _SC_PAGESIZE
| #  define getpagesize() sysconf(_SC_PAGESIZE)
| # else /* no _SC_PAGESIZE */
| #  if HAVE_SYS_PARAM_H
| #   include <sys/param.h>
| #   ifdef EXEC_PAGESIZE
| #    define getpagesize() EXEC_PAGESIZE
| #   else /* no EXEC_PAGESIZE */
| #    ifdef NBPG
| #     define getpagesize() NBPG * CLSIZE
| #     ifndef CLSIZE
| #      define CLSIZE 1
| #     endif /* no CLSIZE */
| #    else /* no NBPG */
| #     ifdef NBPC
| #      define getpagesize() NBPC
| #     else /* no NBPC */
| #      ifdef PAGESIZE
| #       define getpagesize() PAGESIZE
| #      endif /* PAGESIZE */
| #     endif /* no NBPC */
| #    endif /* no NBPG */
| #   endif /* no EXEC_PAGESIZE */
| #  else /* no HAVE_SYS_PARAM_H */
| #   define getpagesize() 8192	/* punt totally */
| #  endif /* no HAVE_SYS_PARAM_H */
| # endif /* no _SC_PAGESIZE */
| 
| #endif /* no HAVE_GETPAGESIZE */
| 
| int
| main ()
| {
|   char *data, *data2, *data3;
|   int i, pagesize;
|   int fd;
| 
|   pagesize = getpagesize ();
| 
|   /* First, make a file with some known garbage in it. */
|   data = (char *) malloc (pagesize);
|   if (!data)
|     exit (1);
|   for (i = 0; i < pagesize; ++i)
|     *(data + i) = rand ();
|   umask (0);
|   fd = creat ("conftest.mmap", 0600);
|   if (fd < 0)
|     exit (1);
|   if (write (fd, data, pagesize) != pagesize)
|     exit (1);
|   close (fd);
| 
|   /* Next, try to mmap the file at a fixed address which already has
|      something else allocated at it.  If we can, also make sure that
|      we see the same garbage.  */
|   fd = open ("conftest.mmap", O_RDWR);
|   if (fd < 0)
|     exit (1);
|   data2 = (char *) malloc (2 * pagesize);
|   if (!data2)
|     exit (1);
|   data2 += (pagesize - ((int) data2 & (pagesize - 1))) & (pagesize - 1);
|   if (data2 != mmap (data2, pagesize, PROT_READ | PROT_WRITE,
|                      MAP_PRIVATE | MAP_FIXED, fd, 0L))
|     exit (1);
|   for (i = 0; i < pagesize; ++i)
|     if (*(data + i) != *(data2 + i))
|       exit (1);
| 
|   /* Finally, make sure that changes to the mapped area do not
|      percolate back to the file as seen by read().  (This is a bug on
|      some variants of i386 svr4.0.)  */
|   for (i = 0; i < pagesize; ++i)
|     *(data2 + i) = *(data2 + i) + 1;
|   data3 = (char *) malloc (pagesize);
|   if (!data3)
|     exit (1);
|   if (read (fd, data3, pagesize) != pagesize)
|     exit (1);
|   for (i = 0; i < pagesize; ++i)
|     if (*(data + i) != *(data3 + i))
|       exit (1);
|   close (fd);
|   exit (0);
| }
configure:8895: result: no
configure:8919: checking for memmove
configure:8969: gcc -o conftest -g -O2 -Wall -Wmissing-prototypes -Wstrict-prototypes -fexceptions   conftest.c  >&5
/boot/home/files/projects/wxWidgets-2.6.3/src/expat/configure:8963: warning: function declaration isn't a prototype
/boot/home/files/projects/wxWidgets-2.6.3/src/expat/configure:8970: warning: function declaration isn't a prototype
/boot/home/files/projects/wxWidgets-2.6.3/src/expat/configure:8978: warning: function declaration isn't a prototype
configure:8972: $? = 0
configure:8975: test -s conftest
configure:8978: $? = 0
configure:8989: result: yes
configure:8919: checking for bcopy
configure:8969: gcc -o conftest -g -O2 -Wall -Wmissing-prototypes -Wstrict-prototypes -fexceptions   conftest.c  >&5
/boot/home/files/projects/wxWidgets-2.6.3/src/expat/configure:8964: warning: function declaration isn't a prototype
/boot/home/files/projects/wxWidgets-2.6.3/src/expat/configure:8971: warning: function declaration isn't a prototype
/boot/home/files/projects/wxWidgets-2.6.3/src/expat/configure:8979: warning: function declaration isn't a prototype
configure:8972: $? = 0
configure:8975: test -s conftest
configure:8978: $? = 0
configure:8989: result: yes
configure:9113: creating ./config.status

## ---------------------- ##
## Running config.status. ##
## ---------------------- ##

This file was extended by config.status, which was
generated by GNU Autoconf 2.57.  Invocation command line was

  CONFIG_FILES    = 
  CONFIG_HEADERS  = 
  CONFIG_LINKS    = 
  CONFIG_COMMANDS = 
  $ ./config.status 

on amigo

config.status:634: creating Makefile
config.status:738: creating expat_config.h
config.status:859: expat_config.h is unchanged

## ---------------- ##
## Cache variables. ##
## ---------------- ##

ac_cv_build=i586-pc-beos
ac_cv_build_alias=i586-pc-beos
ac_cv_c_bigendian=no
ac_cv_c_compiler_gnu=yes
ac_cv_c_const=yes
ac_cv_env_CC_set=
ac_cv_env_CC_value=
ac_cv_env_CFLAGS_set=
ac_cv_env_CFLAGS_value=
ac_cv_env_CPPFLAGS_set=
ac_cv_env_CPPFLAGS_value=
ac_cv_env_CPP_set=
ac_cv_env_CPP_value=
ac_cv_env_LDFLAGS_set=
ac_cv_env_LDFLAGS_value=
ac_cv_env_build_alias_set=
ac_cv_env_build_alias_value=
ac_cv_env_host_alias_set=
ac_cv_env_host_alias_value=
ac_cv_env_target_alias_set=
ac_cv_env_target_alias_value=
ac_cv_exeext=
ac_cv_func_bcopy=yes
ac_cv_func_getpagesize=no
ac_cv_func_memcmp_working=yes
ac_cv_func_memmove=yes
ac_cv_func_mmap_fixed_mapped=no
ac_cv_header_dlfcn_h=no
ac_cv_header_fcntl_h=yes
ac_cv_header_inttypes_h=yes
ac_cv_header_memory_h=yes
ac_cv_header_stdc=yes
ac_cv_header_stdint_h=no
ac_cv_header_stdlib_h=yes
ac_cv_header_string_h=yes
ac_cv_header_strings_h=yes
ac_cv_header_sys_stat_h=yes
ac_cv_header_sys_types_h=yes
ac_cv_header_unistd_h=yes
ac_cv_host=i586-pc-beos
ac_cv_host_alias=i586-pc-beos
ac_cv_objext=o
ac_cv_path_install='/bin/install -c'
ac_cv_prog_CPP='gcc -E'
ac_cv_prog_ac_ct_CC=gcc
ac_cv_prog_ac_ct_RANLIB=ranlib
ac_cv_prog_ac_ct_STRIP=strip
ac_cv_prog_cc_g=yes
ac_cv_prog_cc_stdc=
ac_cv_prog_egrep='grep -E'
ac_cv_type_off_t=yes
ac_cv_type_size_t=yes
bakefile_cv_c_compiler_mwerks=no
lt_cv_archive_cmds_need_lc=yes
lt_cv_compiler_c_o=yes
lt_cv_compiler_o_lo=yes
lt_cv_deplibs_check_method=pass_all
lt_cv_file_magic_cmd='$MAGIC_CMD'
lt_cv_file_magic_test_file=
lt_cv_global_symbol_to_c_name_address='sed -n -e '\''s/^: \([^ ]*\) $/  {\"\1\", (lt_ptr) 0},/p'\'' -e '\''s/^[BCDEGRST] \([^ ]*\) \([^ ]*\)$/  {"\2", (lt_ptr) \&\2},/p'\'''
lt_cv_global_symbol_to_cdecl='sed -n -e '\''s/^. .* \(.*\)$/extern char \1;/p'\'''
lt_cv_ld_reload_flag=-r
lt_cv_path_LD=/boot/develop/tools/gnupro/i586-pc-beos/bin/ld
lt_cv_path_NM='/boot/develop/tools/gnupro/bin/nm -B'
lt_cv_prog_cc_can_build_shared=yes
lt_cv_prog_cc_no_builtin=
lt_cv_prog_cc_pic=
lt_cv_prog_cc_shlib=
lt_cv_prog_cc_static=-static
lt_cv_prog_cc_static_works=yes
lt_cv_prog_cc_wl=-Wl,
lt_cv_prog_gnu_ld=yes
lt_cv_sys_global_symbol_pipe='sed -n -e '\''s/^.*[ 	]\([ABCDGISTW][ABCDGISTW]*\)[ 	][ 	]*\(\)\([_A-Za-z][_A-Za-z0-9]*\)$/\1 \2\3 \3/p'\'''
wx_cv_c_compiler_xlc=no

## ----------------- ##
## Output variables. ##
## ----------------- ##

CC='gcc'
CFLAGS='-g -O2 -Wall -Wmissing-prototypes -Wstrict-prototypes -fexceptions'
CPP='gcc -E'
CPPFLAGS=''
DEFS='-DHAVE_CONFIG_H'
ECHO='echo'
ECHO_C=''
ECHO_N='-n'
ECHO_T=''
EGREP='grep -E'
EXEEXT=''
FILEMAP='readfilemap'
INSTALL_DATA='${INSTALL} -m 644'
INSTALL_PROGRAM='${INSTALL}'
INSTALL_SCRIPT='${INSTALL}'
LDFLAGS=''
LIBAGE='4'
LIBCURRENT='4'
LIBOBJS=''
LIBREVISION='0'
LIBS=''
LIBTOOL='$(SHELL) $(top_builddir)/libtool'
LN_S='ln -s'
LTLIBOBJS=''
OBJEXT='o'
PACKAGE_BUGREPORT=''
PACKAGE_NAME=''
PACKAGE_STRING=''
PACKAGE_TARNAME=''
PACKAGE_VERSION=''
PATH_SEPARATOR=':'
RANLIB='ranlib'
SHELL='/bin/sh'
STRIP='strip'
ac_ct_CC='gcc'
ac_ct_RANLIB='ranlib'
ac_ct_STRIP='strip'
bindir='${exec_prefix}/bin'
build='i586-pc-beos'
build_alias=''
build_cpu='i586'
build_os='beos'
build_vendor='pc'
datadir='${prefix}/share'
exec_prefix='${prefix}'
host='i586-pc-beos'
host_alias=''
host_cpu='i586'
host_os='beos'
host_vendor='pc'
includedir='${prefix}/include'
infodir='${prefix}/info'
libdir='${exec_prefix}/lib'
libexecdir='${exec_prefix}/libexec'
localstatedir='${prefix}/var'
mandir='${prefix}/man'
oldincludedir='/usr/include'
prefix='/usr/local'
program_transform_name='s,x,x,'
sbindir='${exec_prefix}/sbin'
sharedstatedir='${prefix}/com'
sysconfdir='${prefix}/etc'
target_alias=''

## ----------- ##
## confdefs.h. ##
## ----------- ##

#define BYTEORDER 1234
#define HAVE_BCOPY 1
#define HAVE_FCNTL_H 1
#define HAVE_INTTYPES_H 1
#define HAVE_MEMMOVE 1
#define HAVE_MEMORY_H 1
#define HAVE_STDLIB_H 1
#define HAVE_STDLIB_H 1
#define HAVE_STRINGS_H 1
#define HAVE_STRING_H 1
#define HAVE_SYS_STAT_H 1
#define HAVE_SYS_TYPES_H 1
#define HAVE_UNISTD_H 1
#define HAVE_UNISTD_H 1
#define HAVE_UNISTD_H 1
#define PACKAGE_BUGREPORT ""
#define PACKAGE_NAME ""
#define PACKAGE_STRING ""
#define PACKAGE_TARNAME ""
#define PACKAGE_VERSION ""
#define STDC_HEADERS 1
#define STDC_HEADERS 1
#define XML_CONTEXT_BYTES 1024
#define XML_DTD 1
#define XML_NS 1

configure: exit 0
